{"C:\\Users\\aaron\\Documents\\GitHub\\project-pointify\\project_pointify\\server\\db\\dbOperations.js": {"path":"C:\\Users\\aaron\\Documents\\GitHub\\project-pointify\\project_pointify\\server\\db\\dbOperations.js","statementMap":{"0":{"start":{"line":1,"column":16},"end":{"line":13,"column":1}},"1":{"start":{"line":2,"column":15},"end":{"line":4,"column":3}},"2":{"start":{"line":5,"column":2},"end":{"line":12,"column":3}},"3":{"start":{"line":6,"column":19},"end":{"line":6,"column":63}},"4":{"start":{"line":7,"column":4},"end":{"line":7,"column":62}},"5":{"start":{"line":8,"column":4},"end":{"line":8,"column":18}},"6":{"start":{"line":10,"column":4},"end":{"line":10,"column":23}},"7":{"start":{"line":11,"column":4},"end":{"line":11,"column":44}},"8":{"start":{"line":15,"column":17},"end":{"line":25,"column":1}},"9":{"start":{"line":16,"column":2},"end":{"line":24,"column":3}},"10":{"start":{"line":17,"column":4},"end":{"line":17,"column":26}},"11":{"start":{"line":18,"column":19},"end":{"line":18,"column":86}},"12":{"start":{"line":19,"column":4},"end":{"line":19,"column":24}},"13":{"start":{"line":20,"column":4},"end":{"line":20,"column":18}},"14":{"start":{"line":22,"column":4},"end":{"line":22,"column":23}},"15":{"start":{"line":23,"column":4},"end":{"line":23,"column":44}},"16":{"start":{"line":27,"column":20},"end":{"line":37,"column":1}},"17":{"start":{"line":28,"column":2},"end":{"line":36,"column":3}},"18":{"start":{"line":29,"column":4},"end":{"line":29,"column":26}},"19":{"start":{"line":30,"column":19},"end":{"line":30,"column":64}},"20":{"start":{"line":31,"column":4},"end":{"line":31,"column":24}},"21":{"start":{"line":32,"column":4},"end":{"line":32,"column":18}},"22":{"start":{"line":34,"column":4},"end":{"line":34,"column":23}},"23":{"start":{"line":35,"column":4},"end":{"line":35,"column":43}},"24":{"start":{"line":39,"column":18},"end":{"line":45,"column":1}},"25":{"start":{"line":40,"column":2},"end":{"line":44,"column":3}},"26":{"start":{"line":41,"column":4},"end":{"line":41,"column":111}},"27":{"start":{"line":43,"column":4},"end":{"line":43,"column":45}},"28":{"start":{"line":47,"column":20},"end":{"line":53,"column":1}},"29":{"start":{"line":48,"column":2},"end":{"line":52,"column":3}},"30":{"start":{"line":49,"column":4},"end":{"line":49,"column":93}},"31":{"start":{"line":51,"column":4},"end":{"line":51,"column":45}},"32":{"start":{"line":55,"column":22},"end":{"line":61,"column":1}},"33":{"start":{"line":56,"column":2},"end":{"line":60,"column":3}},"34":{"start":{"line":57,"column":4},"end":{"line":57,"column":101}},"35":{"start":{"line":59,"column":4},"end":{"line":59,"column":48}},"36":{"start":{"line":63,"column":0},"end":{"line":65,"column":2}}},"fnMap":{"0":{"name":"(anonymous_0)","decl":{"start":{"line":1,"column":16},"end":{"line":1,"column":17}},"loc":{"start":{"line":1,"column":82},"end":{"line":13,"column":1}},"line":1},"1":{"name":"(anonymous_1)","decl":{"start":{"line":15,"column":17},"end":{"line":15,"column":18}},"loc":{"start":{"line":15,"column":41},"end":{"line":25,"column":1}},"line":15},"2":{"name":"(anonymous_2)","decl":{"start":{"line":27,"column":20},"end":{"line":27,"column":21}},"loc":{"start":{"line":27,"column":44},"end":{"line":37,"column":1}},"line":27},"3":{"name":"(anonymous_3)","decl":{"start":{"line":39,"column":18},"end":{"line":39,"column":19}},"loc":{"start":{"line":39,"column":42},"end":{"line":45,"column":1}},"line":39},"4":{"name":"(anonymous_4)","decl":{"start":{"line":47,"column":20},"end":{"line":47,"column":21}},"loc":{"start":{"line":47,"column":44},"end":{"line":53,"column":1}},"line":47},"5":{"name":"(anonymous_5)","decl":{"start":{"line":55,"column":22},"end":{"line":55,"column":23}},"loc":{"start":{"line":55,"column":59},"end":{"line":61,"column":1}},"line":55}},"branchMap":{},"s":{"0":2,"1":0,"2":0,"3":0,"4":0,"5":0,"6":0,"7":0,"8":2,"9":0,"10":0,"11":0,"12":0,"13":0,"14":0,"15":0,"16":2,"17":0,"18":0,"19":0,"20":0,"21":0,"22":0,"23":0,"24":2,"25":0,"26":0,"27":0,"28":2,"29":0,"30":0,"31":0,"32":2,"33":0,"34":0,"35":0,"36":2},"f":{"0":0,"1":0,"2":0,"3":0,"4":0,"5":0},"b":{},"_coverageSchema":"332fd63041d2c1bcb487cc26dd0d5f7d97098a6c","hash":"5a8a357b74c5b85ac1e8b08fa5a07a26c27350a7"}
}
